remote: error: GH013: Repository rule violations found for refs/heads/main.        
remote: 
remote: - GITHUB PUSH PROTECTION        
remote:   ΓÇöΓÇöΓÇöΓÇöΓÇöΓÇöΓÇöΓÇöΓÇöΓÇöΓÇöΓÇöΓÇöΓÇöΓÇöΓÇöΓÇöΓÇöΓÇöΓÇöΓÇöΓÇöΓÇöΓÇöΓÇöΓÇöΓÇöΓÇöΓÇöΓÇöΓÇöΓÇöΓÇöΓÇöΓÇöΓÇöΓÇöΓÇöΓÇöΓÇöΓÇö        
remote:     Resolve the following violations before pushing again        
remote: 
remote:     - Push cannot contain secrets        
remote: 
remote:             
remote:      (?) Learn how to resolve a blocked push        
remote:      https://docs.github.com/code-security/secret-scanning/working-with-secret-scanning-and-push-protection/working-with-push-protection-from-the-command-line#resolving-a-blocked-push        
remote:             
remote:             
remote:       ΓÇöΓÇö GitHub Personal Access Token ΓÇöΓÇöΓÇöΓÇöΓÇöΓÇöΓÇöΓÇöΓÇöΓÇöΓÇöΓÇöΓÇöΓÇöΓÇöΓÇöΓÇöΓÇöΓÇöΓÇöΓÇöΓÇö        
remote:        locations:        
remote:          - commit: 3efe6b63739be630d9042339cb32f81f3a492f29        
remote:            path: tokens.md:2        
remote:             
remote:        (?) To push, remove secret from commit(s) or follow this URL to allow the secret.        
remote:        https://github.com/eluquetos/paluguillo_simulador/security/secret-scanning/unblock-secret/39Iyi0dSmy7hxFSJBwB1pUcq0Bs        
remote:             
remote: 
remote: 
To https://github.com/eluquetos/paluguillo_simulador.git
 ! [remote rejected] main -> main (push declined due to repository rule violations)
error: failed to push some refs to 'https://github.com/eluquetos/paluguillo_simulador.git'
